<?xml version="1.0" encoding="UTF-8"?>
<testng-results skipped="0" failed="0" ignored="0" total="5" passed="5">
  <reporter-output>
  </reporter-output>
  <suite name="Default suite" duration-ms="54026" started-at="2019-11-12T11:37:16Z" finished-at="2019-11-12T11:38:10Z">
    <groups>
    </groups>
    <test name="Default test" duration-ms="54026" started-at="2019-11-12T11:37:16Z" finished-at="2019-11-12T11:38:10Z">
      <class name="com.atmecs.heatclinic.testscripts.BuyProduct">
        <test-method status="PASS" signature="setup()[pri:1, instance:com.atmecs.heatclinic.testscripts.BuyProduct@4fe3c938]" name="setup" duration-ms="7486" started-at="2019-11-12T11:37:16Z" finished-at="2019-11-12T11:37:23Z">
          <reporter-output>
          </reporter-output>
        </test-method> <!-- setup -->
        <test-method status="PASS" signature="login()[pri:2, instance:com.atmecs.heatclinic.testscripts.BuyProduct@4fe3c938]" name="login" duration-ms="37281" started-at="2019-11-12T11:37:23Z" finished-at="2019-11-12T11:38:01Z">
          <reporter-output>
          </reporter-output>
        </test-method> <!-- login -->
        <test-method status="PASS" signature="merchandiseOrderPage()[pri:3, instance:com.atmecs.heatclinic.testscripts.BuyProduct@4fe3c938]" name="merchandiseOrderPage" duration-ms="5301" started-at="2019-11-12T11:38:01Z" finished-at="2019-11-12T11:38:06Z">
          <reporter-output>
          </reporter-output>
        </test-method> <!-- merchandiseOrderPage -->
        <test-method status="PASS" signature="clickCartAndViewDetails()[pri:4, instance:com.atmecs.heatclinic.testscripts.BuyProduct@4fe3c938]" name="clickCartAndViewDetails" duration-ms="2037" started-at="2019-11-12T11:38:06Z" finished-at="2019-11-12T11:38:08Z">
          <reporter-output>
          </reporter-output>
        </test-method> <!-- clickCartAndViewDetails -->
        <test-method status="PASS" signature="clickProduct()[pri:5, instance:com.atmecs.heatclinic.testscripts.BuyProduct@4fe3c938]" name="clickProduct" duration-ms="1882" started-at="2019-11-12T11:38:08Z" finished-at="2019-11-12T11:38:10Z">
          <reporter-output>
          </reporter-output>
        </test-method> <!-- clickProduct -->
      </class> <!-- com.atmecs.heatclinic.testscripts.BuyProduct -->
    </test> <!-- Default test -->
  </suite> <!-- Default suite -->
</testng-results>
