<?xml version="1.0" encoding="UTF-8"?>
<!-- Generated by org.testng.reporters.JUnitXMLReporter -->
<testsuite hostname="ATMECSINDT-080" ignored="0" name="Default test" tests="5" failures="0" timestamp="12 Nov 2019 11:38:10 GMT" time="54.026" errors="0">
  <testcase name="setup" time="7.486" classname="com.atmecs.heatclinic.testbase.InvokeBrowser"/>
  <testcase name="login" time="37.281" classname="com.atmecs.heatclinic.testscripts.HomePage"/>
  <testcase name="merchandiseOrderPage" time="5.301" classname="com.atmecs.heatclinic.testscripts.MerchandisePage"/>
  <testcase name="clickCartAndViewDetails" time="2.037" classname="com.atmecs.heatclinic.testscripts.BuyProduct"/>
  <testcase name="clickProduct" time="1.882" classname="com.atmecs.heatclinic.testscripts.BuyProduct"/>
</testsuite> <!-- Default test -->
