<?xml version="1.0" encoding="UTF-8"?>
<!-- Generated by org.testng.reporters.JUnitXMLReporter -->
<testsuite hostname="ATMECSINDT-080" ignored="0" name="Test" tests="5" failures="0" timestamp="12 Nov 2019 10:42:38 GMT" time="127.206" errors="0">
  <testcase name="setup" time="9.917" classname="com.atmecs.heatclinic.testbase.InvokeBrowser"/>
  <testcase name="login" time="108.796" classname="com.atmecs.heatclinic.testscripts.HomePage"/>
  <testcase name="merchandiseOrderPage" time="5.386" classname="com.atmecs.heatclinic.testscripts.MerchandisePage"/>
  <testcase name="clickCartAndViewDetails" time="1.53" classname="com.atmecs.heatclinic.testscripts.BuyProduct"/>
  <testcase name="clickProduct" time="1.547" classname="com.atmecs.heatclinic.testscripts.BuyProduct"/>
</testsuite> <!-- Test -->
